<?xml version="1.0" encoding="UTF-8"?>
<coverage generated="1602263723616" clover="3.2.0">
  <project timestamp="1602263723616" name="All files">
    <metrics statements="69" coveredstatements="69" conditionals="16" coveredconditionals="16" methods="16" coveredmethods="16" elements="101" coveredelements="101" complexity="0" loc="69" ncloc="69" packages="1" files="4" classes="4"/>
    <file name="buildInterpreter.js" path="/home/jessica/workspace/mentoria/src/buildInterpreter.js">
      <metrics statements="30" coveredstatements="30" conditionals="8" coveredconditionals="8" methods="4" coveredmethods="4"/>
      <line num="1" count="1" type="stmt"/>
      <line num="2" count="2" type="stmt"/>
      <line num="3" count="2" type="stmt"/>
      <line num="9" count="1" type="stmt"/>
      <line num="10" count="1" type="stmt"/>
      <line num="13" count="5" type="stmt"/>
      <line num="14" count="8" type="stmt"/>
      <line num="15" count="8" type="stmt"/>
      <line num="16" count="8" type="stmt"/>
      <line num="17" count="8" type="stmt"/>
      <line num="19" count="8" type="cond" truecount="2" falsecount="0"/>
      <line num="20" count="4" type="stmt"/>
      <line num="21" count="4" type="stmt"/>
      <line num="25" count="4" type="cond" truecount="2" falsecount="0"/>
      <line num="26" count="1" type="stmt"/>
      <line num="27" count="1" type="stmt"/>
      <line num="29" count="1" type="stmt"/>
      <line num="34" count="3" type="cond" truecount="2" falsecount="0"/>
      <line num="35" count="1" type="stmt"/>
      <line num="37" count="1" type="stmt"/>
      <line num="38" count="1" type="stmt"/>
      <line num="39" count="1" type="stmt"/>
      <line num="40" count="1" type="stmt"/>
      <line num="41" count="2" type="cond" truecount="2" falsecount="0"/>
      <line num="42" count="1" type="stmt"/>
      <line num="43" count="1" type="stmt"/>
      <line num="44" count="1" type="stmt"/>
      <line num="46" count="1" type="stmt"/>
      <line num="50" count="1" type="stmt"/>
      <line num="54" count="1" type="stmt"/>
    </file>
    <file name="galacticNumberRepository.js" path="/home/jessica/workspace/mentoria/src/galacticNumberRepository.js">
      <metrics statements="4" coveredstatements="4" conditionals="0" coveredconditionals="0" methods="3" coveredmethods="3"/>
      <line num="3" count="1" type="stmt"/>
      <line num="7" count="1" type="stmt"/>
      <line num="11" count="1" type="stmt"/>
      <line num="18" count="1" type="stmt"/>
    </file>
    <file name="index.js" path="/home/jessica/workspace/mentoria/src/index.js">
      <metrics statements="31" coveredstatements="31" conditionals="8" coveredconditionals="8" methods="6" coveredmethods="6"/>
      <line num="1" count="2" type="stmt"/>
      <line num="17" count="2" type="stmt"/>
      <line num="18" count="29" type="stmt"/>
      <line num="19" count="29" type="stmt"/>
      <line num="21" count="29" type="stmt"/>
      <line num="22" count="58" type="stmt"/>
      <line num="23" count="58" type="stmt"/>
      <line num="25" count="58" type="cond" truecount="2" falsecount="0"/>
      <line num="26" count="17" type="stmt"/>
      <line num="28" count="17" type="cond" truecount="2" falsecount="0"/>
      <line num="29" count="1" type="stmt"/>
      <line num="32" count="16" type="stmt"/>
      <line num="34" count="16" type="stmt"/>
      <line num="36" count="16" type="stmt"/>
      <line num="39" count="41" type="stmt"/>
      <line num="41" count="28" type="stmt"/>
      <line num="44" count="2" type="stmt"/>
      <line num="45" count="28" type="stmt"/>
      <line num="49" count="28" type="stmt"/>
      <line num="50" count="20" type="stmt"/>
      <line num="51" count="20" type="stmt"/>
      <line num="53" count="20" type="cond" truecount="2" falsecount="0"/>
      <line num="57" count="10" type="stmt"/>
      <line num="62" count="2" type="stmt"/>
      <line num="63" count="2" type="stmt"/>
      <line num="66" count="2" type="stmt"/>
      <line num="67" count="29" type="stmt"/>
      <line num="69" count="28" type="stmt"/>
      <line num="71" count="28" type="stmt"/>
      <line num="73" count="28" type="stmt"/>
      <line num="76" count="2" type="stmt"/>
    </file>
    <file name="materialRepository.js" path="/home/jessica/workspace/mentoria/src/materialRepository.js">
      <metrics statements="4" coveredstatements="4" conditionals="0" coveredconditionals="0" methods="3" coveredmethods="3"/>
      <line num="3" count="1" type="stmt"/>
      <line num="7" count="3" type="stmt"/>
      <line num="11" count="3" type="stmt"/>
      <line num="18" count="1" type="stmt"/>
    </file>
  </project>
</coverage>
