{"/home/jessica/workspace/mentoria/src/buildInterpreter.js": {"path":"/home/jessica/workspace/mentoria/src/buildInterpreter.js","statementMap":{"0":{"start":{"line":1,"column":22},"end":{"line":7,"column":1}},"1":{"start":{"line":2,"column":16},"end":{"line":2,"column":34}},"2":{"start":{"line":3,"column":2},"end":{"line":6,"column":4}},"3":{"start":{"line":9,"column":29},"end":{"line":11,"column":1}},"4":{"start":{"line":10,"column":2},"end":{"line":10,"column":28}},"5":{"start":{"line":13,"column":25},"end":{"line":52,"column":1}},"6":{"start":{"line":13,"column":38},"end":{"line":52,"column":1}},"7":{"start":{"line":14,"column":40},"end":{"line":14,"column":99}},"8":{"start":{"line":15,"column":36},"end":{"line":15,"column":129}},"9":{"start":{"line":16,"column":39},"end":{"line":16,"column":110}},"10":{"start":{"line":17,"column":30},"end":{"line":17,"column":123}},"11":{"start":{"line":19,"column":2},"end":{"line":51,"column":3}},"12":{"start":{"line":20,"column":19},"end":{"line":20,"column":60}},"13":{"start":{"line":21,"column":4},"end":{"line":24,"column":6}},"14":{"start":{"line":25,"column":9},"end":{"line":51,"column":3}},"15":{"start":{"line":26,"column":19},"end":{"line":26,"column":56}},"16":{"start":{"line":27,"column":21},"end":{"line":27,"column":76}},"17":{"start":{"line":29,"column":4},"end":{"line":33,"column":6}},"18":{"start":{"line":34,"column":9},"end":{"line":51,"column":3}},"19":{"start":{"line":35,"column":19},"end":{"line":36,"column":21}},"20":{"start":{"line":37,"column":28},"end":{"line":37,"column":56}},"21":{"start":{"line":38,"column":19},"end":{"line":38,"column":67}},"22":{"start":{"line":39,"column":4},"end":{"line":39,"column":61}},"23":{"start":{"line":40,"column":4},"end":{"line":40,"column":55}},"24":{"start":{"line":41,"column":9},"end":{"line":51,"column":3}},"25":{"start":{"line":42,"column":19},"end":{"line":42,"column":50}},"26":{"start":{"line":43,"column":21},"end":{"line":43,"column":76}},"27":{"start":{"line":44,"column":20},"end":{"line":44,"column":76}},"28":{"start":{"line":46,"column":4},"end":{"line":48,"column":29}},"29":{"start":{"line":50,"column":4},"end":{"line":50,"column":55}},"30":{"start":{"line":54,"column":0},"end":{"line":54,"column":34}}},"fnMap":{"0":{"name":"(anonymous_0)","decl":{"start":{"line":1,"column":22},"end":{"line":1,"column":23}},"loc":{"start":{"line":1,"column":33},"end":{"line":7,"column":1}},"line":1},"1":{"name":"(anonymous_1)","decl":{"start":{"line":9,"column":29},"end":{"line":9,"column":30}},"loc":{"start":{"line":9,"column":40},"end":{"line":11,"column":1}},"line":9},"2":{"name":"(anonymous_2)","decl":{"start":{"line":13,"column":25},"end":{"line":13,"column":26}},"loc":{"start":{"line":13,"column":38},"end":{"line":52,"column":1}},"line":13},"3":{"name":"(anonymous_3)","decl":{"start":{"line":13,"column":38},"end":{"line":13,"column":39}},"loc":{"start":{"line":13,"column":48},"end":{"line":52,"column":1}},"line":13}},"branchMap":{"0":{"loc":{"start":{"line":19,"column":2},"end":{"line":51,"column":3}},"type":"if","locations":[{"start":{"line":19,"column":2},"end":{"line":51,"column":3}},{"start":{"line":19,"column":2},"end":{"line":51,"column":3}}],"line":19},"1":{"loc":{"start":{"line":25,"column":9},"end":{"line":51,"column":3}},"type":"if","locations":[{"start":{"line":25,"column":9},"end":{"line":51,"column":3}},{"start":{"line":25,"column":9},"end":{"line":51,"column":3}}],"line":25},"2":{"loc":{"start":{"line":34,"column":9},"end":{"line":51,"column":3}},"type":"if","locations":[{"start":{"line":34,"column":9},"end":{"line":51,"column":3}},{"start":{"line":34,"column":9},"end":{"line":51,"column":3}}],"line":34},"3":{"loc":{"start":{"line":41,"column":9},"end":{"line":51,"column":3}},"type":"if","locations":[{"start":{"line":41,"column":9},"end":{"line":51,"column":3}},{"start":{"line":41,"column":9},"end":{"line":51,"column":3}}],"line":41}},"s":{"0":1,"1":2,"2":2,"3":1,"4":1,"5":1,"6":5,"7":8,"8":8,"9":8,"10":8,"11":8,"12":4,"13":4,"14":4,"15":1,"16":1,"17":1,"18":3,"19":1,"20":1,"21":1,"22":1,"23":1,"24":2,"25":1,"26":1,"27":1,"28":1,"29":1,"30":1},"f":{"0":2,"1":1,"2":5,"3":8},"b":{"0":[4,4],"1":[1,3],"2":[1,2],"3":[1,1]},"_coverageSchema":"1a1c01bbd47fc00a2c39e90264f33305004495a9","hash":"2b7efd62afaef06faea9b3cba15a61576bf945ad"}
,"/home/jessica/workspace/mentoria/src/galacticNumberRepository.js": {"path":"/home/jessica/workspace/mentoria/src/galacticNumberRepository.js","statementMap":{"0":{"start":{"line":3,"column":4},"end":{"line":3,"column":23}},"1":{"start":{"line":7,"column":4},"end":{"line":7,"column":64}},"2":{"start":{"line":11,"column":4},"end":{"line":14,"column":6}},"3":{"start":{"line":18,"column":0},"end":{"line":18,"column":42}}},"fnMap":{"0":{"name":"(anonymous_0)","decl":{"start":{"line":2,"column":2},"end":{"line":2,"column":3}},"loc":{"start":{"line":2,"column":16},"end":{"line":4,"column":3}},"line":2},"1":{"name":"(anonymous_1)","decl":{"start":{"line":6,"column":2},"end":{"line":6,"column":3}},"loc":{"start":{"line":6,"column":23},"end":{"line":8,"column":3}},"line":6},"2":{"name":"(anonymous_2)","decl":{"start":{"line":10,"column":2},"end":{"line":10,"column":3}},"loc":{"start":{"line":10,"column":23},"end":{"line":15,"column":3}},"line":10}},"branchMap":{},"s":{"0":1,"1":1,"2":1,"3":1},"f":{"0":1,"1":1,"2":1},"b":{},"_coverageSchema":"1a1c01bbd47fc00a2c39e90264f33305004495a9","hash":"0d64dbc173ef3db34a2b2ef997cdcd437b54cec4"}
,"/home/jessica/workspace/mentoria/src/index.js": {"path":"/home/jessica/workspace/mentoria/src/index.js","statementMap":{"0":{"start":{"line":1,"column":23},"end":{"line":15,"column":1}},"1":{"start":{"line":17,"column":26},"end":{"line":42,"column":1}},"2":{"start":{"line":18,"column":21},"end":{"line":18,"column":42}},"3":{"start":{"line":19,"column":17},"end":{"line":19,"column":19}},"4":{"start":{"line":21,"column":2},"end":{"line":40,"column":3}},"5":{"start":{"line":21,"column":15},"end":{"line":21,"column":16}},"6":{"start":{"line":22,"column":20},"end":{"line":22,"column":35}},"7":{"start":{"line":23,"column":17},"end":{"line":23,"column":36}},"8":{"start":{"line":25,"column":4},"end":{"line":37,"column":5}},"9":{"start":{"line":26,"column":30},"end":{"line":26,"column":50}},"10":{"start":{"line":28,"column":6},"end":{"line":30,"column":7}},"11":{"start":{"line":29,"column":8},"end":{"line":29,"column":42}},"12":{"start":{"line":32,"column":6},"end":{"line":32,"column":35}},"13":{"start":{"line":34,"column":6},"end":{"line":34,"column":10}},"14":{"start":{"line":36,"column":6},"end":{"line":36,"column":15}},"15":{"start":{"line":39,"column":4},"end":{"line":39,"column":25}},"16":{"start":{"line":41,"column":2},"end":{"line":41,"column":16}},"17":{"start":{"line":44,"column":28},"end":{"line":60,"column":1}},"18":{"start":{"line":45,"column":16},"end":{"line":47,"column":3}},"19":{"start":{"line":49,"column":2},"end":{"line":59,"column":3}},"20":{"start":{"line":49,"column":15},"end":{"line":49,"column":16}},"21":{"start":{"line":50,"column":20},"end":{"line":50,"column":35}},"22":{"start":{"line":51,"column":17},"end":{"line":51,"column":36}},"23":{"start":{"line":53,"column":4},"end":{"line":58,"column":5}},"24":{"start":{"line":57,"column":6},"end":{"line":57,"column":40}},"25":{"start":{"line":62,"column":27},"end":{"line":64,"column":1}},"26":{"start":{"line":63,"column":2},"end":{"line":63,"column":39}},"27":{"start":{"line":66,"column":16},"end":{"line":74,"column":1}},"28":{"start":{"line":67,"column":23},"end":{"line":67,"column":53}},"29":{"start":{"line":69,"column":2},"end":{"line":69,"column":49}},"30":{"start":{"line":71,"column":24},"end":{"line":71,"column":76}},"31":{"start":{"line":71,"column":53},"end":{"line":71,"column":75}},"32":{"start":{"line":73,"column":2},"end":{"line":73,"column":64}},"33":{"start":{"line":73,"column":47},"end":{"line":73,"column":59}},"34":{"start":{"line":76,"column":0},"end":{"line":76,"column":49}}},"fnMap":{"0":{"name":"(anonymous_0)","decl":{"start":{"line":17,"column":26},"end":{"line":17,"column":27}},"loc":{"start":{"line":17,"column":43},"end":{"line":42,"column":1}},"line":17},"1":{"name":"(anonymous_1)","decl":{"start":{"line":44,"column":28},"end":{"line":44,"column":29}},"loc":{"start":{"line":44,"column":59},"end":{"line":60,"column":1}},"line":44},"2":{"name":"(anonymous_2)","decl":{"start":{"line":62,"column":27},"end":{"line":62,"column":28}},"loc":{"start":{"line":62,"column":44},"end":{"line":64,"column":1}},"line":62},"3":{"name":"(anonymous_3)","decl":{"start":{"line":66,"column":16},"end":{"line":66,"column":17}},"loc":{"start":{"line":66,"column":33},"end":{"line":74,"column":1}},"line":66},"4":{"name":"(anonymous_4)","decl":{"start":{"line":71,"column":41},"end":{"line":71,"column":42}},"loc":{"start":{"line":71,"column":53},"end":{"line":71,"column":75}},"line":71},"5":{"name":"(anonymous_5)","decl":{"start":{"line":73,"column":30},"end":{"line":73,"column":31}},"loc":{"start":{"line":73,"column":47},"end":{"line":73,"column":59}},"line":73}},"branchMap":{"0":{"loc":{"start":{"line":25,"column":4},"end":{"line":37,"column":5}},"type":"if","locations":[{"start":{"line":25,"column":4},"end":{"line":37,"column":5}},{"start":{"line":25,"column":4},"end":{"line":37,"column":5}}],"line":25},"1":{"loc":{"start":{"line":28,"column":6},"end":{"line":30,"column":7}},"type":"if","locations":[{"start":{"line":28,"column":6},"end":{"line":30,"column":7}},{"start":{"line":28,"column":6},"end":{"line":30,"column":7}}],"line":28},"2":{"loc":{"start":{"line":53,"column":4},"end":{"line":58,"column":5}},"type":"if","locations":[{"start":{"line":53,"column":4},"end":{"line":58,"column":5}},{"start":{"line":53,"column":4},"end":{"line":58,"column":5}}],"line":53},"3":{"loc":{"start":{"line":54,"column":6},"end":{"line":55,"column":30}},"type":"binary-expr","locations":[{"start":{"line":54,"column":6},"end":{"line":54,"column":52}},{"start":{"line":55,"column":6},"end":{"line":55,"column":30}}],"line":54}},"s":{"0":2,"1":2,"2":29,"3":29,"4":29,"5":29,"6":58,"7":58,"8":58,"9":17,"10":17,"11":1,"12":16,"13":16,"14":16,"15":41,"16":28,"17":2,"18":28,"19":28,"20":28,"21":20,"22":20,"23":20,"24":10,"25":2,"26":2,"27":2,"28":29,"29":28,"30":18,"31":28,"32":18,"33":28,"34":2},"f":{"0":29,"1":28,"2":2,"3":29,"4":28,"5":28},"b":{"0":[17,41],"1":[1,16],"2":[10,10],"3":[20,19]},"_coverageSchema":"1a1c01bbd47fc00a2c39e90264f33305004495a9","hash":"26ff451420b230389e7ad90115c96c6fc6d4d741"}
,"/home/jessica/workspace/mentoria/src/materialRepository.js": {"path":"/home/jessica/workspace/mentoria/src/materialRepository.js","statementMap":{"0":{"start":{"line":3,"column":4},"end":{"line":3,"column":25}},"1":{"start":{"line":7,"column":4},"end":{"line":7,"column":52}},"2":{"start":{"line":11,"column":4},"end":{"line":14,"column":6}},"3":{"start":{"line":18,"column":0},"end":{"line":18,"column":36}}},"fnMap":{"0":{"name":"(anonymous_0)","decl":{"start":{"line":2,"column":2},"end":{"line":2,"column":3}},"loc":{"start":{"line":2,"column":16},"end":{"line":4,"column":3}},"line":2},"1":{"name":"(anonymous_1)","decl":{"start":{"line":6,"column":2},"end":{"line":6,"column":3}},"loc":{"start":{"line":6,"column":17},"end":{"line":8,"column":3}},"line":6},"2":{"name":"(anonymous_2)","decl":{"start":{"line":10,"column":2},"end":{"line":10,"column":3}},"loc":{"start":{"line":10,"column":13},"end":{"line":15,"column":3}},"line":10}},"branchMap":{},"s":{"0":1,"1":3,"2":3,"3":1},"f":{"0":1,"1":3,"2":3},"b":{},"_coverageSchema":"1a1c01bbd47fc00a2c39e90264f33305004495a9","hash":"0efd81c9c5fac2d1811d6f63abb528244855ff25"}
}
