TN:
SF:src/buildInterpreter.js
FN:1,(anonymous_0)
FN:9,(anonymous_1)
FN:13,(anonymous_2)
FN:13,(anonymous_3)
FNF:4
FNH:4
FNDA:2,(anonymous_0)
FNDA:1,(anonymous_1)
FNDA:5,(anonymous_2)
FNDA:8,(anonymous_3)
DA:1,1
DA:2,2
DA:3,2
DA:9,1
DA:10,1
DA:13,5
DA:14,8
DA:15,8
DA:16,8
DA:17,8
DA:19,8
DA:20,4
DA:21,4
DA:25,4
DA:26,1
DA:27,1
DA:29,1
DA:34,3
DA:35,1
DA:37,1
DA:38,1
DA:39,1
DA:40,1
DA:41,2
DA:42,1
DA:43,1
DA:44,1
DA:46,1
DA:50,1
DA:54,1
LF:30
LH:30
BRDA:19,0,0,4
BRDA:19,0,1,4
BRDA:25,1,0,1
BRDA:25,1,1,3
BRDA:34,2,0,1
BRDA:34,2,1,2
BRDA:41,3,0,1
BRDA:41,3,1,1
BRF:8
BRH:8
end_of_record
TN:
SF:src/galacticNumberRepository.js
FN:2,(anonymous_0)
FN:6,(anonymous_1)
FN:10,(anonymous_2)
FNF:3
FNH:3
FNDA:1,(anonymous_0)
FNDA:1,(anonymous_1)
FNDA:1,(anonymous_2)
DA:3,1
DA:7,1
DA:11,1
DA:18,1
LF:4
LH:4
BRF:0
BRH:0
end_of_record
TN:
SF:src/index.js
FN:17,(anonymous_0)
FN:44,(anonymous_1)
FN:62,(anonymous_2)
FN:66,(anonymous_3)
FN:71,(anonymous_4)
FN:73,(anonymous_5)
FNF:6
FNH:6
FNDA:29,(anonymous_0)
FNDA:28,(anonymous_1)
FNDA:2,(anonymous_2)
FNDA:29,(anonymous_3)
FNDA:28,(anonymous_4)
FNDA:28,(anonymous_5)
DA:1,2
DA:17,2
DA:18,29
DA:19,29
DA:21,29
DA:22,58
DA:23,58
DA:25,58
DA:26,17
DA:28,17
DA:29,1
DA:32,16
DA:34,16
DA:36,16
DA:39,41
DA:41,28
DA:44,2
DA:45,28
DA:49,28
DA:50,20
DA:51,20
DA:53,20
DA:57,10
DA:62,2
DA:63,2
DA:66,2
DA:67,29
DA:69,28
DA:71,28
DA:73,28
DA:76,2
LF:31
LH:31
BRDA:25,0,0,17
BRDA:25,0,1,41
BRDA:28,1,0,1
BRDA:28,1,1,16
BRDA:53,2,0,10
BRDA:53,2,1,10
BRDA:54,3,0,20
BRDA:54,3,1,19
BRF:8
BRH:8
end_of_record
TN:
SF:src/materialRepository.js
FN:2,(anonymous_0)
FN:6,(anonymous_1)
FN:10,(anonymous_2)
FNF:3
FNH:3
FNDA:1,(anonymous_0)
FNDA:3,(anonymous_1)
FNDA:3,(anonymous_2)
DA:3,1
DA:7,3
DA:11,3
DA:18,1
LF:4
LH:4
BRF:0
BRH:0
end_of_record
